Using pre-set license
Built from '2020.2/release' branch; Version is '2020.2.1f1 (270dd8c3da1c) revision 2559448'; Using compiler version '192528614'; Build Type 'Release'
OS: 'Windows 10  (10.0.0) 64bit' Language: 'en' Physical Memory: 32731 MB
BatchMode: 1, IsHumanControllingUs: 0, StartBugReporterOnCrash: 0, Is64bit: 1, IsPro: 0

 COMMAND LINE ARGUMENTS:
E:\Unity\2020.2.1f1\Editor\Unity.exe
-adb2
-batchMode
-noUpm
-name
AssetImportWorker1
-projectPath
E:/Documents/GitHub/Vampiris
-logFile
Logs/AssetImportWorker1.log
-srvPort
9998
Successfully changed project path to: E:/Documents/GitHub/Vampiris
E:/Documents/GitHub/Vampiris
Using Asset Import Pipeline V2.
Refreshing native plugins compatible for Editor in 239.67 ms, found 0 plugins.
Preloading 0 native plugins for Editor in 0.00 ms.
Initialize engine version: 2020.2.1f1 (270dd8c3da1c)
[Subsystems] Discovering subsystems at path E:/Unity/2020.2.1f1/Editor/Data/Resources/UnitySubsystems
[Subsystems] Discovering subsystems at path E:/Documents/GitHub/Vampiris/Assets
GfxDevice: creating device client; threaded=0
Direct3D:
    Version:  Direct3D 11.0 [level 11.1]
    Renderer: NVIDIA GeForce RTX 2080 Ti (ID=0x1e07)
    Vendor:   
    VRAM:     11048 MB
    Driver:   27.21.14.6627
Initialize mono
Mono path[0] = 'E:/Unity/2020.2.1f1/Editor/Data/Managed'
Mono path[1] = 'E:/Unity/2020.2.1f1/Editor/Data/MonoBleedingEdge/lib/mono/unityjit'
Mono config path = 'E:/Unity/2020.2.1f1/Editor/Data/MonoBleedingEdge/etc'
Using monoOptions --debugger-agent=transport=dt_socket,embedding=1,server=y,suspend=n,address=127.0.0.1:56200
Begin MonoManager ReloadAssembly
Registering precompiled unity dll's ...
Register platform support module: E:/Unity/2020.2.1f1/Editor/Data/PlaybackEngines/WindowsStandaloneSupport/UnityEditor.WindowsStandalone.Extensions.dll
Registered in 0.009036 seconds.
Native extension for WindowsStandalone target not found
Refreshing native plugins compatible for Editor in 165.10 ms, found 0 plugins.
Preloading 0 native plugins for Editor in 0.00 ms.
Invoked RoslynAnalysisRunner static constructor.
RoslynAnalysisRunner will not be running.
RoslynAnalysisRunner has terminated.
Mono: successfully reloaded assembly
- Completed reload, in  4.090 seconds
Platform modules already initialized, skipping
Registering precompiled user dll's ...
Registered in 0.015148 seconds.
Begin MonoManager ReloadAssembly
Native extension for WindowsStandalone target not found
Refreshing native plugins compatible for Editor in 113.43 ms, found 0 plugins.
Preloading 0 native plugins for Editor in 0.00 ms.
Invoked RoslynAnalysisRunner static constructor.
RoslynAnalysisRunner will not be running.
RoslynAnalysisRunner has terminated.
[ScriptCompilation] NOT recompiling all scripts because this is an import worker process. Reason to compile was: Define symbols changed
Mono: successfully reloaded assembly
- Completed reload, in  2.936 seconds
Platform modules already initialized, skipping
========================================================================
Worker process is ready to serve import requests
Launched and connected shader compiler UnityShaderCompiler.exe after 0.09 seconds
Refreshing native plugins compatible for Editor in 1.24 ms, found 0 plugins.
Preloading 0 native plugins for Editor in 0.00 ms.
Unloading 3494 Unused Serialized files (Serialized files now loaded: 0)
System memory in use before: 166.7 MB.
System memory in use after: 162.9 MB.

Unloading 57 unused Assets to reduce memory usage. Loaded Objects now: 3956.
Total: 32.531500 ms (FindLiveObjects: 0.457800 ms CreateObjectMapping: 0.238300 ms MarkObjects: 27.908500 ms  DeleteObjects: 3.924400 ms)

========================================================================
Received Import Request.
  path: Assets/VFXDefaultResources.asset
  artifactKey: Guid(145290c901d58b343bdeb3b4362c9ff2) Importer(815301076,1909f56bfc062723c751e8b465ee728b)
Start importing Assets/VFXDefaultResources.asset using Guid(145290c901d58b343bdeb3b4362c9ff2) Importer(815301076,1909f56bfc062723c751e8b465ee728b)  -> (artifact id: '26c3c5ed4c46f39e656425c392f993b3') in 0.183005 seconds
  Import took 0.193743 seconds .

========================================================================
Received Import Request.
  Time since last request: 0.000368 seconds.
  path: Assets/New Terrain.asset
  artifactKey: Guid(b7dc2db21b1b4824fa885ebb58874a1e) Importer(815301076,1909f56bfc062723c751e8b465ee728b)
Start importing Assets/New Terrain.asset using Guid(b7dc2db21b1b4824fa885ebb58874a1e) Importer(815301076,1909f56bfc062723c751e8b465ee728b)  -> (artifact id: '360380c6214ed97d265e307dfdaabd4c') in 0.051253 seconds
  Import took 0.064477 seconds .

========================================================================
Received Import Request.
  Time since last request: 0.000351 seconds.
  path: Assets/Readme.asset
  artifactKey: Guid(83c2ed844a8c74b779a4c823d16594b1) Importer(815301076,1909f56bfc062723c751e8b465ee728b)
Start importing Assets/Readme.asset using Guid(83c2ed844a8c74b779a4c823d16594b1) Importer(815301076,1909f56bfc062723c751e8b465ee728b)  -> (artifact id: 'e3b4d58460ba3e3bc17b75710c1dac99') in 0.003925 seconds
  Import took 0.011238 seconds .

========================================================================
Received Import Request.
  Time since last request: 9.067803 seconds.
  path: Assets/New Terrain.asset
  artifactKey: Guid(b7dc2db21b1b4824fa885ebb58874a1e) Importer(815301076,1909f56bfc062723c751e8b465ee728b)
Start importing Assets/New Terrain.asset using Guid(b7dc2db21b1b4824fa885ebb58874a1e) Importer(815301076,1909f56bfc062723c751e8b465ee728b)  -> (artifact id: '360380c6214ed97d265e307dfdaabd4c') in 0.009696 seconds
  Import took 0.017128 seconds .

========================================================================
Received Prepare
Registering precompiled user dll's ...
Registered in 0.010138 seconds.
Begin MonoManager ReloadAssembly
Native extension for WindowsStandalone target not found
Refreshing native plugins compatible for Editor in 1.90 ms, found 0 plugins.
Preloading 0 native plugins for Editor in 0.00 ms.
Invoked RoslynAnalysisRunner static constructor.
RoslynAnalysisRunner will not be running.
RoslynAnalysisRunner has terminated.
Mono: successfully reloaded assembly
- Completed reload, in  1.998 seconds
Platform modules already initialized, skipping
Refreshing native plugins compatible for Editor in 0.78 ms, found 0 plugins.
Preloading 0 native plugins for Editor in 0.00 ms.
Unloading 3262 Unused Serialized files (Serialized files now loaded: 0)
System memory in use before: 160.6 MB.
System memory in use after: 157.5 MB.

Unloading 44 unused Assets to reduce memory usage. Loaded Objects now: 3989.
Total: 25.846500 ms (FindLiveObjects: 0.373700 ms CreateObjectMapping: 0.139700 ms MarkObjects: 22.574800 ms  DeleteObjects: 2.756500 ms)

========================================================================
Received Prepare
Registering precompiled user dll's ...
Registered in 0.010393 seconds.
Begin MonoManager ReloadAssembly
Native extension for WindowsStandalone target not found
Refreshing native plugins compatible for Editor in 0.77 ms, found 0 plugins.
Preloading 0 native plugins for Editor in 0.00 ms.
Invoked RoslynAnalysisRunner static constructor.
RoslynAnalysisRunner will not be running.
RoslynAnalysisRunner has terminated.
Mono: successfully reloaded assembly
- Completed reload, in  1.862 seconds
Platform modules already initialized, skipping
Refreshing native plugins compatible for Editor in 1.34 ms, found 0 plugins.
Preloading 0 native plugins for Editor in 0.00 ms.
Unloading 3244 Unused Serialized files (Serialized files now loaded: 0)
System memory in use before: 161.0 MB.
System memory in use after: 157.9 MB.

Unloading 44 unused Assets to reduce memory usage. Loaded Objects now: 3992.
Total: 26.243200 ms (FindLiveObjects: 0.330100 ms CreateObjectMapping: 0.155500 ms MarkObjects: 22.636700 ms  DeleteObjects: 3.119800 ms)

